<?xml version="1.0" encoding="UTF-8"?>
<!-- Generated by org.testng.reporters.JUnitReportReporter -->
<testsuite skipped="0" hostname="IXED-LAP0263" name="script.Settlement_OPEX_SettledtoNominee_Test" tests="1" failures="0" timestamp="05 Apr 2019 09:34:23 GMT" time="35.047" errors="0">
  <testcase name="Settled_To_Nominee" time="35.047" classname="script.Settlement_OPEX_SettledtoNominee_Test"/>
</testsuite> <!-- script.Settlement_OPEX_SettledtoNominee_Test -->
