<?xml version="1.0" encoding="UTF-8"?>
<!-- Generated by org.testng.reporters.JUnitReportReporter -->
<testsuite skipped="0" hostname="IXED-LAP0263" name="script.Invalid_Login_Test" tests="1" failures="0" timestamp="04 Apr 2019 12:52:02 GMT" time="17.500" errors="0">
  <testcase name="testinvalidLogin" time="17.500" classname="script.Invalid_Login_Test"/>
</testsuite> <!-- script.Invalid_Login_Test -->
