<?xml version="1.0" encoding="UTF-8"?>
<!-- Generated by org.testng.reporters.JUnitReportReporter -->
<testsuite skipped="0" hostname="IXED-LAP0263" name="script.Settlement_Sent_To_Operation_Executive_Test" tests="1" failures="0" timestamp="05 Apr 2019 09:34:23 GMT" time="37.897" errors="0">
  <testcase name="Sent_To_Insurer" time="37.897" classname="script.Settlement_Sent_To_Operation_Executive_Test"/>
</testsuite> <!-- script.Settlement_Sent_To_Operation_Executive_Test -->
