<?xml version="1.0" encoding="UTF-8"?>
<!-- Generated by org.testng.reporters.JUnitReportReporter -->
<testsuite skipped="0" hostname="IXED-LAP0263" name="script.Claim_Initiate_OPEX_Test" tests="1" failures="0" timestamp="04 Apr 2019 12:56:30 GMT" time="49.466" errors="0">
  <testcase name="Claim_initiate" time="49.466" classname="script.Claim_Initiate_OPEX_Test"/>
</testsuite> <!-- script.Claim_Initiate_OPEX_Test -->
