<?xml version="1.0" encoding="UTF-8"?>
<!-- Generated by org.testng.reporters.JUnitReportReporter -->
<testsuite skipped="0" hostname="IXED-LAP0263" name="script.Insurance_Maker_Approve_Test" tests="1" failures="0" timestamp="02 Apr 2019 09:09:06 GMT" time="31.086" errors="0">
  <testcase name="Insurance_Maker_Approve" time="31.086" classname="script.Insurance_Maker_Approve_Test"/>
</testsuite> <!-- script.Insurance_Maker_Approve_Test -->
