<?xml version="1.0" encoding="UTF-8"?>
<!-- Generated by org.testng.reporters.JUnitReportReporter -->
<testsuite skipped="0" hostname="IXED-LAP0263" name="script.Claim_Approve_INOPS_CHK_Test" tests="1" failures="0" timestamp="04 Apr 2019 12:56:30 GMT" time="26.502" errors="0">
  <testcase name="Claim_Approve_INOPSCHK" time="26.502" classname="script.Claim_Approve_INOPS_CHK_Test"/>
</testsuite> <!-- script.Claim_Approve_INOPS_CHK_Test -->
