<?xml version="1.0" encoding="UTF-8"?>
<!-- Generated by org.testng.reporters.JUnitReportReporter -->
<testsuite skipped="0" hostname="IXED-LAP0263" name="script.Claim_Initiate_Test" tests="1" failures="0" timestamp="01 Apr 2019 12:22:33 GMT" time="47.666" errors="0">
  <testcase name="Claim_initiate" time="47.666" classname="script.Claim_Initiate_Test"/>
</testsuite> <!-- script.Claim_Initiate_Test -->
