<?xml version="1.0" encoding="UTF-8"?>
<!-- Generated by org.testng.reporters.JUnitReportReporter -->
<testsuite skipped="0" hostname="IXED-LAP0263" name="script.Settelement_insurance_Checker_Approve_Test" tests="1" failures="0" timestamp="05 Apr 2019 09:34:23 GMT" time="34.120" errors="0">
  <testcase name="Insurance_Checker_Approve" time="34.120" classname="script.Settelement_insurance_Checker_Approve_Test"/>
</testsuite> <!-- script.Settelement_insurance_Checker_Approve_Test -->
