<?xml version="1.0" encoding="UTF-8"?>
<!-- Generated by org.testng.reporters.JUnitReportReporter -->
<testsuite skipped="0" hostname="IXED-LAP0263" name="script.Invalid_Login_Test1" tests="1" failures="0" timestamp="04 Apr 2019 12:52:02 GMT" time="16.184" errors="0">
  <testcase name="testinvalidLogin1" time="16.184" classname="script.Invalid_Login_Test1"/>
</testsuite> <!-- script.Invalid_Login_Test1 -->
