<?xml version="1.0" encoding="UTF-8"?>
<!-- Generated by org.testng.reporters.JUnitReportReporter -->
<testsuite skipped="0" hostname="IXED-LAP0263" name="script.Settlement_Settled_To_Nominee_PendingAMConfirmation_Test" tests="1" failures="0" timestamp="05 Apr 2019 09:34:23 GMT" time="28.422" errors="0">
  <testcase name="Settled_to_Nominee_pending_OM_Conf" time="28.422" classname="script.Settlement_Settled_To_Nominee_PendingAMConfirmation_Test"/>
</testsuite> <!-- script.Settlement_Settled_To_Nominee_PendingAMConfirmation_Test -->
