<?xml version="1.0" encoding="UTF-8"?>
<!-- Generated by org.testng.reporters.JUnitReportReporter -->
<testsuite skipped="0" hostname="IXED-LAP0263" name="script.Insurance_Upload_Test" tests="1" failures="0" timestamp="22 Apr 2019 12:06:10 GMT" time="22.570" errors="0">
  <testcase name="Insurance_Upload" time="22.570" classname="script.Insurance_Upload_Test"/>
</testsuite> <!-- script.Insurance_Upload_Test -->
