<?xml version="1.0" encoding="UTF-8"?>
<!-- Generated by org.testng.reporters.JUnitReportReporter -->
<testsuite skipped="0" hostname="IXED-LAP0263" name="script.Settlement_Sent_To_Insurer_Test" tests="1" failures="0" timestamp="05 Apr 2019 09:34:23 GMT" time="36.766" errors="0">
  <testcase name="Sent_To_insurer" time="36.766" classname="script.Settlement_Sent_To_Insurer_Test"/>
</testsuite> <!-- script.Settlement_Sent_To_Insurer_Test -->
