<?xml version="1.0" encoding="UTF-8"?>
<!-- Generated by org.testng.reporters.JUnitReportReporter -->
<testsuite skipped="0" hostname="IXED-LAP0263" name="script.InvalidLogin_Test" tests="1" failures="0" timestamp="27 Mar 2019 12:37:12 GMT" time="29.517" errors="0">
  <testcase name="testInvalidLogin" time="29.517" classname="script.InvalidLogin_Test"/>
</testsuite> <!-- script.InvalidLogin_Test -->
