<?xml version="1.0" encoding="UTF-8"?>
<!-- Generated by org.testng.reporters.JUnitReportReporter -->
<testsuite hostname="BLRIDC30195282" name="script.ValidLogin_Test" tests="1" failures="0" timestamp="25 Nov 2018 02:29:40 GMT" time="19.818" errors="0">
  <testcase name="testValidLogin" time="19.818" classname="script.ValidLogin_Test"/>
</testsuite> <!-- script.ValidLogin_Test -->
