<?xml version="1.0" encoding="UTF-8"?>
<!-- Generated by org.testng.reporters.JUnitReportReporter -->
<testsuite hostname="BLRIDC30195282" name="script.InvalidLogin_Test" tests="1" failures="0" timestamp="25 Nov 2018 02:29:40 GMT" time="29.694" errors="0">
  <testcase name="testInvalidLogin" time="29.694" classname="script.InvalidLogin_Test"/>
</testsuite> <!-- script.InvalidLogin_Test -->
